<?xml version="1.0" encoding="UTF-8"?>
<testng-results ignored="0" total="1" passed="1" failed="0" skipped="0">
  <reporter-output>
  </reporter-output>
  <suite started-at="2024-09-09T09:59:00 IST" name="Default suite" finished-at="2024-09-09T09:59:26 IST" duration-ms="25580">
    <groups>
    </groups>
    <test started-at="2024-09-09T09:59:00 IST" name="Default test" finished-at="2024-09-09T09:59:26 IST" duration-ms="25580">
      <class name="testpkg.Deyga_Main_test">
        <test-method is-config="true" signature="setup()[pri:0, instance:testpkg.Deyga_Main_test@6069db50]" started-at="2024-09-09T09:59:00 IST" name="setup" finished-at="2024-09-09T09:59:07 IST" duration-ms="7229" status="PASS">
          <reporter-output>
          </reporter-output>
        </test-method> <!-- setup -->
        <test-method is-config="true" signature="url()[pri:0, instance:testpkg.Deyga_Main_test@6069db50]" started-at="2024-09-09T09:59:07 IST" name="url" finished-at="2024-09-09T09:59:12 IST" duration-ms="4733" status="PASS">
          <reporter-output>
          </reporter-output>
        </test-method> <!-- url -->
        <test-method signature="maintest()[pri:0, instance:testpkg.Deyga_Main_test@6069db50]" started-at="2024-09-09T09:59:12 IST" name="maintest" finished-at="2024-09-09T09:59:26 IST" duration-ms="13505" status="PASS">
          <reporter-output>
          </reporter-output>
        </test-method> <!-- maintest -->
      </class> <!-- testpkg.Deyga_Main_test -->
    </test> <!-- Default test -->
  </suite> <!-- Default suite -->
</testng-results>
